yarn run v1.22.22
warning package.json: No license field
$ webpack serve --config webpack.config.js
<i> [webpack-dev-server] Project is running at:
<i> [webpack-dev-server] Loopback: http://localhost:3001/
<i> [webpack-dev-server] On Your Network (IPv4): http://10.114.84.127:3001/
<i> [webpack-dev-server] On Your Network (IPv6): http://[fe80::1]:3001/
<i> [webpack-dev-server] Content not from webpack is served from '/Users/ydatir/Repos/Lab/php_learning/simple-navbar-app/mfe-integration/host/public' directory
asset main.js 218 KiB [emitted] (name: main)
asset index.html 2.27 KiB [emitted]
asset index.d.ts 289 bytes [emitted]
runtime modules 35.9 KiB 17 modules
modules by path ./node_modules/ 129 KiB
  modules by path ./node_modules/webpack-dev-server/client/ 71.8 KiB 16 modules
  modules by path ./node_modules/webpack/hot/*.js 5.17 KiB
    ./node_modules/webpack/hot/dev-server.js 1.94 KiB [built] [code generated]
    + 3 modules
  modules by path ./node_modules/html-entities/dist/esm/*.js 33.5 KiB
    ./node_modules/html-entities/dist/esm/index.js 4.98 KiB [built] [code generated]
    ./node_modules/html-entities/dist/esm/named-references.js 27.3 KiB [built] [code generated]
    + 2 modules
  ./node_modules/ansi-html-community/index.js 4.16 KiB [built] [code generated]
  ./node_modules/events/events.js 14.5 KiB [built] [code generated]
./src/index.ts 3.05 KiB [built] [code generated]
remote reactRemote/App 6 bytes (remote) 6 bytes (share-init) [optional] [built] [code generated]
external "react_remote@http://localhost:3002/remoteEntry.js" 42 bytes [built] [code generated]
webpack 5.101.3 compiled successfully in 600 ms
<i> [webpack-dev-server] Gracefully shutting down. To force exit, press ^C again. Please wait...
