yarn run v1.22.22
warning package.json: No license field
$ webpack serve --config webpack.config.js
<i> [webpack-dev-server] Project is running at:
<i> [webpack-dev-server] Loopback: http://localhost:3002/
<i> [webpack-dev-server] On Your Network (IPv4): http://10.114.84.127:3002/
<i> [webpack-dev-server] On Your Network (IPv6): http://[fe80::1]:3002/
<i> [webpack-dev-server] Content not from webpack is served from '/Users/ydatir/Repos/Lab/php_learning/simple-navbar-app/mfe-integration/react-remote/public' directory
assets by chunk 1.12 MiB (id hint: vendors)
  asset vendors-node_modules_react-dom_index_js.js 1.03 MiB [emitted] (id hint: vendors)
  asset vendors-node_modules_react_index_js.js 89.9 KiB [emitted] (id hint: vendors)
asset remoteEntry.js 222 KiB [emitted] (name: react_task_manager)
asset main.js 221 KiB [emitted] (name: main)
asset src_App_tsx.js 33.8 KiB [emitted]
asset src_bootstrap_tsx.js 2.33 KiB [emitted]
asset index.html 328 bytes [emitted]
runtime modules 84 KiB 36 modules
javascript modules 1.23 MiB
  modules by path ./node_modules/ 1.22 MiB 41 modules
  modules by path ./src/ 11.7 KiB
    modules by path ./src/*.tsx 5.73 KiB 3 modules
    modules by path ./src/*.css 5.92 KiB
      ./src/App.css 2.23 KiB [built] [code generated]
      ./node_modules/css-loader/dist/cjs.js!./src/App.css 3.69 KiB [built] [code generated]
  container entry 42 bytes [built] [code generated]
provide-module modules 84 bytes
  provide shared module (default) react-dom@18.3.1 = ./node_modules/reac...(truncated) 42 bytes [built] [code generated]
  provide shared module (default) react@18.3.1 = ./node_modules/react/index.js 42 bytes [built] [code generated]
consume-shared-module modules 84 bytes
  consume shared module (default) react@^18.0.0 (singleton) (fallback: ./node_modu...(truncated) 42 bytes [built] [code generated]
  consume shared module (default) react-dom@^18.0.0 (singleton) (fallback: ./node_...(truncated) 42 bytes [built] [code generated]
webpack 5.101.3 compiled successfully in 404 ms
assets by status 1.12 MiB [cached] 4 assets
assets by path . 486 KiB
  assets by path *.js 486 KiB
    assets by info 9.74 KiB [immutable]
      asset src_App_tsx.71754278f78dc30265d0.hot-update.js 8.05 KiB [emitted] [immutable] [hmr]
      asset react_task_manager.71754278f78dc30265d0.hot-update.js 869 bytes [emitted] [immutable] [hmr] (name: react_task_manager)
      asset main.71754278f78dc30265d0.hot-update.js 855 bytes [emitted] [immutable] [hmr] (name: main)
    asset remoteEntry.js 222 KiB [emitted] (name: react_task_manager)
    asset main.js 221 KiB [emitted] (name: main)
    asset src_App_tsx.js 33.8 KiB [emitted]
  assets by path *.json 98 bytes
    asset react_task_manager.71754278f78dc30265d0.hot-update.json 56 bytes [emitted] [immutable] [hmr]
    asset main.71754278f78dc30265d0.hot-update.json 42 bytes [emitted] [immutable] [hmr]
Entrypoint main 222 KiB = main.js 221 KiB main.71754278f78dc30265d0.hot-update.js 855 bytes
Entrypoint react_task_manager 223 KiB = remoteEntry.js 222 KiB react_task_manager.71754278f78dc30265d0.hot-update.js 869 bytes
cached modules 1.23 MiB (javascript) 84 bytes (share-init) 84 bytes (consume-shared) [cached] 50 modules
runtime modules 84 KiB 36 modules
./src/App.tsx 4.93 KiB [built] [code generated]
webpack 5.101.3 compiled successfully in 34 ms
